2019-03-06 18:08:15.042668: I tensorflow/core/common_runtime/gpu/gpu_device.cc:1405] Found device 0 with properties: 
name: Tesla K80 major: 3 minor: 7 memoryClockRate(GHz): 0.8235
pciBusID: 0000:04:00.0
totalMemory: 11.17GiB freeMemory: 11.10GiB
2019-03-06 18:08:15.042967: I tensorflow/core/common_runtime/gpu/gpu_device.cc:1484] Adding visible gpu devices: 0
2019-03-06 18:08:18.155098: I tensorflow/core/common_runtime/gpu/gpu_device.cc:965] Device interconnect StreamExecutor with strength 1 edge matrix:
2019-03-06 18:08:18.155155: I tensorflow/core/common_runtime/gpu/gpu_device.cc:971]      0 
2019-03-06 18:08:18.155167: I tensorflow/core/common_runtime/gpu/gpu_device.cc:984] 0:   N 
2019-03-06 18:08:18.155594: I tensorflow/core/common_runtime/gpu/gpu_device.cc:1097] Created TensorFlow device (/job:localhost/replica:0/task:0/device:GPU:0 with 10758 MB memory) -> physical GPU (device: 0, name: Tesla K80, pci bus id: 0000:04:00.0, compute capability: 3.7)
2019-03-06 18:08:19.157953: I tensorflow/core/common_runtime/gpu/gpu_device.cc:1484] Adding visible gpu devices: 0
2019-03-06 18:08:19.158009: I tensorflow/core/common_runtime/gpu/gpu_device.cc:965] Device interconnect StreamExecutor with strength 1 edge matrix:
2019-03-06 18:08:19.158022: I tensorflow/core/common_runtime/gpu/gpu_device.cc:971]      0 
2019-03-06 18:08:19.158031: I tensorflow/core/common_runtime/gpu/gpu_device.cc:984] 0:   N 
2019-03-06 18:08:19.158215: I tensorflow/core/common_runtime/gpu/gpu_device.cc:1097] Created TensorFlow device (/job:localhost/replica:0/task:0/device:GPU:0 with 10758 MB memory) -> physical GPU (device: 0, name: Tesla K80, pci bus id: 0000:04:00.0, compute capability: 3.7)
Shuffling training records
Globbing training files
Getting training file synset labels
Globbing validation files
Getting validation file synset labels
Creating unique IDs for all synsets
Creating training data
Creating validation data
Returning records
